============================= test session starts ==============================
platform darwin -- Python 3.10.17, pytest-8.3.5, pluggy-1.5.0 -- /Users/allenday/3psrc/Cline-Recursive-Chain-of-Thought-System-CRCT-/src/docstore-manager/.venv/bin/python
cachedir: .pytest_cache
rootdir: /Users/allenday/3psrc/Cline-Recursive-Chain-of-Thought-System-CRCT-/src/docstore-manager
configfile: pyproject.toml
plugins: anyio-4.9.0, mock-3.14.0, cov-6.1.1
collecting ... collected 5 items

tests/qdrant/test_format.py::test_format_collection_list PASSED          [ 20%]
tests/qdrant/test_format.py::test_format_collection_info PASSED          [ 40%]
tests/qdrant/test_format.py::test_format_collection_info_minimal PASSED  [ 60%]
tests/qdrant/test_format.py::test_format_documents PASSED                [ 80%]
tests/qdrant/test_format.py::test_format_documents_minimal PASSED        [100%]

============================== 5 passed in 0.37s ===============================
